08/05/21 08:36:59 Initializing ProtocolHandler ["http-nio-8080"]
08/05/21 08:36:59 Starting service [Tomcat]
08/05/21 08:36:59 Starting Servlet engine: [Apache Tomcat/9.0.45]
08/05/21 08:36:59 Initializing Spring embedded WebApplicationContext
08/05/21 08:36:59 HikariPool-1 - Starting...
08/05/21 08:36:59 Registered driver with driverClassName=com.mysql.jdbc.Driver was not found, trying direct instantiation.
08/05/21 08:36:59 HikariPool-1 - Start completed.
08/05/21 08:37:00 HHH000204: Processing PersistenceUnitInfo [name: default]
08/05/21 08:37:00 HHH000204: Processing PersistenceUnitInfo [name: default]
08/05/21 08:37:00 HHH000412: Hibernate ORM core version 5.4.30.Final
08/05/21 08:37:00 HHH000412: Hibernate ORM core version 5.4.30.Final
08/05/21 08:37:00 HCANN000001: Hibernate Commons Annotations {5.1.2.Final}
08/05/21 08:37:00 HCANN000001: Hibernate Commons Annotations {5.1.2.Final}
08/05/21 08:37:00 HHH000400: Using dialect: org.hibernate.dialect.MySQL5InnoDBDialect
08/05/21 08:37:00 HHH000400: Using dialect: org.hibernate.dialect.MySQL5InnoDBDialect
08/05/21 08:37:01 HHH000490: Using JtaPlatform implementation: [org.hibernate.engine.transaction.jta.platform.internal.NoJtaPlatform]
08/05/21 08:37:01 HHH000490: Using JtaPlatform implementation: [org.hibernate.engine.transaction.jta.platform.internal.NoJtaPlatform]
08/05/21 08:37:02 Starting ProtocolHandler ["http-nio-8080"]
08/05/21 08:37:02 Started EosApplication in 11.39 seconds (JVM running for 12.358)
08/05/21 08:37:50 Initializing Spring DispatcherServlet 'dispatcherServlet'
08/05/21 08:37:50 EOS_LOG ========> -Method: POST -Path: /user/save -Params: user: {login: kdiouri, firstName: null}, request: org.apache.catalina.connector.RequestFacade@313e7059, 
08/05/21 08:37:51 EOS_LOG <======== -Method: POST -Path: /user/save -Result: <200 OK OK,{login: kdiouri, firstName: null},[]>
08/05/21 08:37:51 EOS_LOG -Method: POST -Path: /user/save time processing: 124ms 
08/05/21 08:37:58 EOS_LOG ========> -Method: GET -Path: /user/get/kdiouri -Params: login: kdiouri, request: org.apache.catalina.connector.RequestFacade@313e7059, 
08/05/21 08:37:58 EOS_LOG <======== -Method: GET -Path: /user/get/kdiouri -Result: <200 OK OK,{login: kdiouri, firstName: null},[]>
08/05/21 08:37:58 EOS_LOG -Method: GET -Path: /user/get/kdiouri time processing: 173ms 
